<?xml version="1.0" encoding="UTF-8"?>
<!-- Generated by org.testng.reporters.JUnitReportReporter -->
<testsuite hostname="LAPTOP-G7KQ4BVC" name="testing.MVNNewProj.Sample" tests="1" failures="0" timestamp="7 May 2022 13:35:02 GMT" time="10.349" errors="0">
  <testcase name="sampleOne" time="10.349" classname="testing.MVNNewProj.Sample"/>
</testsuite> <!-- testing.MVNNewProj.Sample -->
