<?xml version="1.0" encoding="UTF-8"?>
<!-- Generated by org.testng.reporters.JUnitReportReporter -->
<testsuite skipped="0" hostname="LAPTOP-G7KQ4BVC" name="packone.MyExcelOperations" tests="1" failures="0" timestamp="2022-05-07T18:23:52 IST" time="10.142" errors="0">
  <testcase name="sampleOne" time="10.142" classname="packone.MyExcelOperations"/>
  <system-out/>
</testsuite> <!-- packone.MyExcelOperations -->
